<?xml version="1.0" encoding="UTF-8"?>
<testsuite name="com.addressBooks.AddressBookTest" tests="1" skipped="0" failures="0" errors="0" timestamp="2020-05-25T18:25:33" hostname="KYOOLBABA" time="0.09">
  <properties/>
  <testcase name="givenJsonFile_whenRead_shouldReturnTheData" classname="com.addressBooks.AddressBookTest" time="0.09"/>
  <system-out><![CDATA[]]></system-out>
  <system-err><![CDATA[]]></system-err>
</testsuite>
